<?xml version="1.0" encoding="UTF-8" ?>
<testsuite tests="17" failures="0" name="TestSuite" time="5.074" errors="0" skipped="0">
  <properties>
    <property name="java.runtime.name" value="OpenJDK Runtime Environment"/>
    <property name="java.vm.version" value="23"/>
    <property name="sun.boot.library.path" value="/opt/homebrew/Cellar/openjdk/23/libexec/openjdk.jdk/Contents/Home/lib"/>
    <property name="maven.multiModuleProjectDirectory" value="/Users/tahirata/Desktop/Cypress_Training/JSONPlaceholder API Automation"/>
    <property name="java.vm.vendor" value="Homebrew"/>
    <property name="java.vendor.url" value="https://github.com/Homebrew/homebrew-core/issues"/>
    <property name="guice.disable.misplaced.annotation.check" value="true"/>
    <property name="path.separator" value=":"/>
    <property name="java.vm.name" value="OpenJDK 64-Bit Server VM"/>
    <property name="user.country" value="US"/>
    <property name="sun.java.launcher" value="SUN_STANDARD"/>
    <property name="java.vm.specification.name" value="Java Virtual Machine Specification"/>
    <property name="user.dir" value="/Users/tahirata/Desktop/Cypress_Training/JSONPlaceholder API Automation"/>
    <property name="java.vm.compressedOopsMode" value="Zero based"/>
    <property name="java.runtime.version" value="23"/>
    <property name="os.arch" value="aarch64"/>
    <property name="java.io.tmpdir" value="/var/folders/4h/r9zc4vc14jq7_zn_461c2wqm0000gn/T/"/>
    <property name="line.separator" value="
"/>
    <property name="java.vm.specification.vendor" value="Oracle Corporation"/>
    <property name="stderr.encoding" value="UTF-8"/>
    <property name="os.name" value="Mac OS X"/>
    <property name="suiteXmlFile" value="testng-smoke.xml"/>
    <property name="classworlds.conf" value="/opt/homebrew/Cellar/maven/3.8.6/libexec/bin/m2.conf"/>
    <property name="sun.jnu.encoding" value="UTF-8"/>
    <property name="stdout.encoding" value="UTF-8"/>
    <property name="java.library.path" value="/Users/tahirata/Library/Java/Extensions:/Library/Java/Extensions:/Network/Library/Java/Extensions:/System/Library/Java/Extensions:/usr/lib/java:."/>
    <property name="maven.conf" value="/opt/homebrew/Cellar/maven/3.8.6/libexec/conf"/>
    <property name="jdk.debug" value="release"/>
    <property name="java.class.version" value="67.0"/>
    <property name="java.specification.name" value="Java Platform API Specification"/>
    <property name="sun.management.compiler" value="HotSpot 64-Bit Tiered Compilers"/>
    <property name="os.version" value="15.6.1"/>
    <property name="library.jansi.path" value="/opt/homebrew/Cellar/maven/3.8.6/libexec/lib/jansi-native"/>
    <property name="http.nonProxyHosts" value="local|*.local|169.254/16|*.169.254/16"/>
    <property name="user.home" value="/Users/tahirata"/>
    <property name="user.timezone" value="Europe/Bucharest"/>
    <property name="file.encoding" value="UTF-8"/>
    <property name="java.specification.version" value="23"/>
    <property name="user.name" value="tahirata"/>
    <property name="java.class.path" value="/opt/homebrew/Cellar/maven/3.8.6/libexec/boot/plexus-classworlds-2.6.0.jar"/>
    <property name="java.vm.specification.version" value="23"/>
    <property name="sun.arch.data.model" value="64"/>
    <property name="sun.java.command" value="org.codehaus.plexus.classworlds.launcher.Launcher clean test -DsuiteXmlFile=testng-smoke.xml"/>
    <property name="java.home" value="/opt/homebrew/Cellar/openjdk/23/libexec/openjdk.jdk/Contents/Home"/>
    <property name="apple.awt.application.name" value="Launcher"/>
    <property name="user.language" value="en"/>
    <property name="java.specification.vendor" value="Oracle Corporation"/>
    <property name="java.vm.info" value="mixed mode, sharing"/>
    <property name="java.version" value="23"/>
    <property name="native.encoding" value="UTF-8"/>
    <property name="java.vendor" value="Homebrew"/>
    <property name="maven.home" value="/opt/homebrew/Cellar/maven/3.8.6/libexec"/>
    <property name="file.separator" value="/"/>
    <property name="java.version.date" value="2024-09-17"/>
    <property name="java.vendor.url.bug" value="https://github.com/Homebrew/homebrew-core/issues"/>
    <property name="sun.io.unicode.encoding" value="UnicodeBig"/>
    <property name="sun.cpu.endian" value="little"/>
    <property name="java.vendor.version" value="Homebrew"/>
    <property name="socksNonProxyHosts" value="local|*.local|169.254/16|*.169.254/16"/>
    <property name="ftp.nonProxyHosts" value="local|*.local|169.254/16|*.169.254/16"/>
  </properties>
  <testcase classname="api.tests.CreatePostTest" name="testCreatePost" time="0.879"/>
  <testcase classname="api.tests.CreatePostTest" name="testCreatePostMissingTitle" time="0.456"/>
  <testcase classname="api.tests.CreatePostTest" name="testCreatePostEmptyFields" time="0.521"/>
  <testcase classname="api.tests.CreatePostTest" name="testCreatePostWrongContentType" time="0.172"/>
  <testcase classname="api.tests.CreatePostTest" name="testCreatePostMalformedJson" time="0.826"/>
  <testcase classname="api.tests.GetSinglePostTest" name="testGetSinglePostValidId" time="0.074"/>
  <testcase classname="api.tests.GetSinglePostTest" name="testGetSinglePostInvalidId" time="0.043"/>
  <testcase classname="api.tests.GetSinglePostTest" name="testGetSinglePostNonExistingId" time="0.042"/>
  <testcase classname="api.tests.DeletePostTest" name="testDeletePostValidId" time="0.18"/>
  <testcase classname="api.tests.DeletePostTest" name="testDeletePostInvalidId" time="0.163"/>
  <testcase classname="api.tests.DeletePostTest" name="testDeletePostNonExistingId" time="0.418"/>
  <testcase classname="api.tests.GetAllPostsTest" name="testGetAllPosts" time="0.12"/>
  <testcase classname="api.tests.GetAllPostsTest" name="testGetAllPostsWrongEndpoint" time="0.037"/>
  <testcase classname="api.tests.GetAllPostsTest" name="testGetAllPostsWrongAcceptHeader" time="0.071"/>
  <testcase classname="api.tests.UpdatePostTest" name="testUpdatePost" time="0.455"/>
  <testcase classname="api.tests.UpdatePostTest" name="testUpdatePostInvalidId" time="0.436"/>
  <testcase classname="api.tests.UpdatePostTest" name="testUpdatePostEmptyFields" time="0.181"/>
</testsuite>