<?xml version="1.0" encoding="UTF-8"?>
<!-- Generated by org.testng.reporters.JUnitReportReporter -->
<testsuite hostname="MacBook-Pro.local" failures="0" tests="3" name="api.tests.DeletePostTest" time="0.760" errors="0" timestamp="2025-09-01T01:57:23 EEST" skipped="0">
  <testcase classname="api.tests.DeletePostTest" name="testDeletePostValidId" time="0.180"/>
  <testcase classname="api.tests.DeletePostTest" name="testDeletePostInvalidId" time="0.162"/>
  <testcase classname="api.tests.DeletePostTest" name="testDeletePostNonExistingId" time="0.418"/>
</testsuite> <!-- api.tests.DeletePostTest -->
