<?xml version="1.0" encoding="UTF-8"?>
<!-- Generated by org.testng.reporters.JUnitReportReporter -->
<testsuite hostname="MacBook-Pro.local" failures="0" tests="3" name="api.tests.GetSinglePostTest" time="0.158" errors="0" timestamp="2025-09-01T01:57:23 EEST" skipped="0">
  <testcase classname="api.tests.GetSinglePostTest" name="testGetSinglePostValidId" time="0.073"/>
  <testcase classname="api.tests.GetSinglePostTest" name="testGetSinglePostInvalidId" time="0.043"/>
  <testcase classname="api.tests.GetSinglePostTest" name="testGetSinglePostNonExistingId" time="0.042"/>
</testsuite> <!-- api.tests.GetSinglePostTest -->
