<?xml version="1.0" encoding="UTF-8"?>
<!-- Generated by org.testng.reporters.JUnitReportReporter -->
<testsuite hostname="MacBook-Pro.local" failures="0" tests="5" name="api.tests.CreatePostTest" time="2.852" errors="0" timestamp="2025-09-01T01:57:23 EEST" skipped="0">
  <testcase classname="api.tests.CreatePostTest" name="testCreatePost" time="0.878"/>
  <testcase classname="api.tests.CreatePostTest" name="testCreatePostMissingTitle" time="0.456"/>
  <testcase classname="api.tests.CreatePostTest" name="testCreatePostEmptyFields" time="0.521"/>
  <testcase classname="api.tests.CreatePostTest" name="testCreatePostWrongContentType" time="0.172"/>
  <testcase classname="api.tests.CreatePostTest" name="testCreatePostMalformedJson" time="0.825"/>
</testsuite> <!-- api.tests.CreatePostTest -->
