<?xml version="1.0" encoding="UTF-8"?>
<!-- Generated by org.testng.reporters.JUnitReportReporter -->
<testsuite hostname="MacBook-Pro.local" failures="0" tests="3" name="api.tests.GetAllPostsTest" time="0.202" errors="0" timestamp="2025-09-01T01:57:23 EEST" skipped="0">
  <testcase classname="api.tests.GetAllPostsTest" name="testGetAllPosts" time="0.120"/>
  <testcase classname="api.tests.GetAllPostsTest" name="testGetAllPostsWrongEndpoint" time="0.037"/>
  <testcase classname="api.tests.GetAllPostsTest" name="testGetAllPostsWrongAcceptHeader" time="0.045"/>
</testsuite> <!-- api.tests.GetAllPostsTest -->
