<?xml version="1.0" encoding="UTF-8"?>
<!-- Generated by org.testng.reporters.JUnitReportReporter -->
<testsuite hostname="MacBook-Pro.local" failures="0" tests="3" name="api.tests.UpdatePostTest" time="1.094" errors="0" timestamp="2025-09-01T01:57:23 EEST" skipped="0">
  <testcase classname="api.tests.UpdatePostTest" name="testUpdatePost" time="0.478"/>
  <testcase classname="api.tests.UpdatePostTest" name="testUpdatePostInvalidId" time="0.434"/>
  <testcase classname="api.tests.UpdatePostTest" name="testUpdatePostEmptyFields" time="0.182"/>
</testsuite> <!-- api.tests.UpdatePostTest -->
